[2016-01-11 10:14:40] production.ERROR: exception 'RuntimeException' with message 'No supported encrypter found. The cipher and / or key length are invalid.' in /home/urlshort/laravel/vendor/laravel/framework/src/Illuminate/Encryption/EncryptionServiceProvider.php:29
Stack trace:
#0 /home/urlshort/laravel/vendor/laravel/framework/src/Illuminate/Container/Container.php(733): Illuminate\Encryption\EncryptionServiceProvider->Illuminate\Encryption\{closure}(Object(Illuminate\Foundation\Application), Array)
#1 /home/urlshort/laravel/vendor/laravel/framework/src/Illuminate/Container/Container.php(631): Illuminate\Container\Container->build(Object(Closure), Array)
#2 /home/urlshort/laravel/vendor/laravel/framework/src/Illuminate/Foundation/Application.php(674): Illuminate\Container\Container->make('encrypter', Array)
#3 /home/urlshort/laravel/vendor/laravel/framework/src/Illuminate/Container/Container.php(851): Illuminate\Foundation\Application->make('Illuminate\\Cont...')
#4 /home/urlshort/laravel/vendor/laravel/framework/src/Illuminate/Container/Container.php(806): Illuminate\Container\Container->resolveClass(Object(ReflectionParameter))
#5 /home/urlshort/laravel/vendor/laravel/framework/src/Illuminate/Container/Container.php(777): Illuminate\Container\Container->getDependencies(Array, Array)
#6 /home/urlshort/laravel/vendor/laravel/framework/src/Illuminate/Container/Container.php(631): Illuminate\Container\Container->build('App\\Http\\Middle...', Array)
#7 /home/urlshort/laravel/vendor/laravel/framework/src/Illuminate/Foundation/Application.php(674): Illuminate\Container\Container->make('App\\Http\\Middle...', Array)
#8 /home/urlshort/laravel/vendor/laravel/framework/src/Illuminate/Pipeline/Pipeline.php(123): Illuminate\Foundation\Application->make('App\\Http\\Middle...')
#9 [internal function]: Illuminate\Pipeline\Pipeline->Illuminate\Pipeline\{closure}(Object(Illuminate\Http\Request))
#10 /home/urlshort/laravel/vendor/laravel/framework/src/Illuminate/Routing/Pipeline.php(32): call_user_func(Object(Closure), Object(Illuminate\Http\Request))
#11 [internal function]: Illuminate\Routing\Pipeline->Illuminate\Routing\{closure}(Object(Illuminate\Http\Request))
#12 /home/urlshort/laravel/vendor/laravel/framework/src/Illuminate/Pipeline/Pipeline.php(103): call_user_func(Object(Closure), Object(Illuminate\Http\Request))
#13 /home/urlshort/laravel/vendor/laravel/framework/src/Illuminate/Routing/Router.php(705): Illuminate\Pipeline\Pipeline->then(Object(Closure))
#14 /home/urlshort/laravel/vendor/laravel/framework/src/Illuminate/Routing/Router.php(678): Illuminate\Routing\Router->runRouteWithinStack(Object(Illuminate\Routing\Route), Object(Illuminate\Http\Request))
#15 /home/urlshort/laravel/vendor/laravel/framework/src/Illuminate/Routing/Router.php(654): Illuminate\Routing\Router->dispatchToRoute(Object(Illuminate\Http\Request))
#16 /home/urlshort/laravel/vendor/laravel/framework/src/Illuminate/Foundation/Http/Kernel.php(246): Illuminate\Routing\Router->dispatch(Object(Illuminate\Http\Request))
#17 [internal function]: Illuminate\Foundation\Http\Kernel->Illuminate\Foundation\Http\{closure}(Object(Illuminate\Http\Request))
#18 /home/urlshort/laravel/vendor/laravel/framework/src/Illuminate/Routing/Pipeline.php(52): call_user_func(Object(Closure), Object(Illuminate\Http\Request))
#19 /home/urlshort/laravel/vendor/laravel/framework/src/Illuminate/Foundation/Http/Middleware/CheckForMaintenanceMode.php(44): Illuminate\Routing\Pipeline->Illuminate\Routing\{closure}(Object(Illuminate\Http\Request))
#20 [internal function]: Illuminate\Foundation\Http\Middleware\CheckForMaintenanceMode->handle(Object(Illuminate\Http\Request), Object(Closure))
#21 /home/urlshort/laravel/vendor/laravel/framework/src/Illuminate/Pipeline/Pipeline.php(124): call_user_func_array(Array, Array)
#22 [internal function]: Illuminate\Pipeline\Pipeline->Illuminate\Pipeline\{closure}(Object(Illuminate\Http\Request))
#23 /home/urlshort/laravel/vendor/laravel/framework/src/Illuminate/Routing/Pipeline.php(32): call_user_func(Object(Closure), Object(Illuminate\Http\Request))
#24 [internal function]: Illuminate\Routing\Pipeline->Illuminate\Routing\{closure}(Object(Illuminate\Http\Request))
#25 /home/urlshort/laravel/vendor/laravel/framework/src/Illuminate/Pipeline/Pipeline.php(103): call_user_func(Object(Closure), Object(Illuminate\Http\Request))
#26 /home/urlshort/laravel/vendor/laravel/framework/src/Illuminate/Foundation/Http/Kernel.php(132): Illuminate\Pipeline\Pipeline->then(Object(Closure))
#27 /home/urlshort/laravel/vendor/laravel/framework/src/Illuminate/Foundation/Http/Kernel.php(99): Illuminate\Foundation\Http\Kernel->sendRequestThroughRouter(Object(Illuminate\Http\Request))
#28 /home/urlshort/laravel/public/index.php(54): Illuminate\Foundation\Http\Kernel->handle(Object(Illuminate\Http\Request))
#29 {main}  
[2016-01-11 10:14:40] production.ERROR: exception 'RuntimeException' with message 'No supported encrypter found. The cipher and / or key length are invalid.' in /home/urlshort/laravel/vendor/laravel/framework/src/Illuminate/Encryption/EncryptionServiceProvider.php:29
Stack trace:
#0 /home/urlshort/laravel/vendor/laravel/framework/src/Illuminate/Container/Container.php(733): Illuminate\Encryption\EncryptionServiceProvider->Illuminate\Encryption\{closure}(Object(Illuminate\Foundation\Application), Array)
#1 /home/urlshort/laravel/vendor/laravel/framework/src/Illuminate/Container/Container.php(631): Illuminate\Container\Container->build(Object(Closure), Array)
#2 /home/urlshort/laravel/vendor/laravel/framework/src/Illuminate/Foundation/Application.php(674): Illuminate\Container\Container->make('encrypter', Array)
#3 /home/urlshort/laravel/vendor/laravel/framework/src/Illuminate/Container/Container.php(851): Illuminate\Foundation\Application->make('Illuminate\\Cont...')
#4 /home/urlshort/laravel/vendor/laravel/framework/src/Illuminate/Container/Container.php(806): Illuminate\Container\Container->resolveClass(Object(ReflectionParameter))
#5 /home/urlshort/laravel/vendor/laravel/framework/src/Illuminate/Container/Container.php(777): Illuminate\Container\Container->getDependencies(Array, Array)
#6 /home/urlshort/laravel/vendor/laravel/framework/src/Illuminate/Container/Container.php(631): Illuminate\Container\Container->build('App\\Http\\Middle...', Array)
#7 /home/urlshort/laravel/vendor/laravel/framework/src/Illuminate/Foundation/Application.php(674): Illuminate\Container\Container->make('App\\Http\\Middle...', Array)
#8 /home/urlshort/laravel/vendor/laravel/framework/src/Illuminate/Foundation/Http/Kernel.php(152): Illuminate\Foundation\Application->make('App\\Http\\Middle...')
#9 /home/urlshort/laravel/public/index.php(58): Illuminate\Foundation\Http\Kernel->terminate(Object(Illuminate\Http\Request), Object(Illuminate\Http\Response))
#10 {main}  
[2016-01-11 10:24:10] production.ERROR: exception 'RuntimeException' with message 'No supported encrypter found. The cipher and / or key length are invalid.' in /home/urlshort/laravel/vendor/laravel/framework/src/Illuminate/Encryption/EncryptionServiceProvider.php:29
Stack trace:
#0 /home/urlshort/laravel/vendor/laravel/framework/src/Illuminate/Container/Container.php(733): Illuminate\Encryption\EncryptionServiceProvider->Illuminate\Encryption\{closure}(Object(Illuminate\Foundation\Application), Array)
#1 /home/urlshort/laravel/vendor/laravel/framework/src/Illuminate/Container/Container.php(631): Illuminate\Container\Container->build(Object(Closure), Array)
#2 /home/urlshort/laravel/vendor/laravel/framework/src/Illuminate/Foundation/Application.php(674): Illuminate\Container\Container->make('encrypter', Array)
#3 /home/urlshort/laravel/vendor/laravel/framework/src/Illuminate/Container/Container.php(851): Illuminate\Foundation\Application->make('Illuminate\\Cont...')
#4 /home/urlshort/laravel/vendor/laravel/framework/src/Illuminate/Container/Container.php(806): Illuminate\Container\Container->resolveClass(Object(ReflectionParameter))
#5 /home/urlshort/laravel/vendor/laravel/framework/src/Illuminate/Container/Container.php(777): Illuminate\Container\Container->getDependencies(Array, Array)
#6 /home/urlshort/laravel/vendor/laravel/framework/src/Illuminate/Container/Container.php(631): Illuminate\Container\Container->build('App\\Http\\Middle...', Array)
#7 /home/urlshort/laravel/vendor/laravel/framework/src/Illuminate/Foundation/Application.php(674): Illuminate\Container\Container->make('App\\Http\\Middle...', Array)
#8 /home/urlshort/laravel/vendor/laravel/framework/src/Illuminate/Pipeline/Pipeline.php(123): Illuminate\Foundation\Application->make('App\\Http\\Middle...')
#9 [internal function]: Illuminate\Pipeline\Pipeline->Illuminate\Pipeline\{closure}(Object(Illuminate\Http\Request))
#10 /home/urlshort/laravel/vendor/laravel/framework/src/Illuminate/Routing/Pipeline.php(32): call_user_func(Object(Closure), Object(Illuminate\Http\Request))
#11 [internal function]: Illuminate\Routing\Pipeline->Illuminate\Routing\{closure}(Object(Illuminate\Http\Request))
#12 /home/urlshort/laravel/vendor/laravel/framework/src/Illuminate/Pipeline/Pipeline.php(103): call_user_func(Object(Closure), Object(Illuminate\Http\Request))
#13 /home/urlshort/laravel/vendor/laravel/framework/src/Illuminate/Routing/Router.php(705): Illuminate\Pipeline\Pipeline->then(Object(Closure))
#14 /home/urlshort/laravel/vendor/laravel/framework/src/Illuminate/Routing/Router.php(678): Illuminate\Routing\Router->runRouteWithinStack(Object(Illuminate\Routing\Route), Object(Illuminate\Http\Request))
#15 /home/urlshort/laravel/vendor/laravel/framework/src/Illuminate/Routing/Router.php(654): Illuminate\Routing\Router->dispatchToRoute(Object(Illuminate\Http\Request))
#16 /home/urlshort/laravel/vendor/laravel/framework/src/Illuminate/Foundation/Http/Kernel.php(246): Illuminate\Routing\Router->dispatch(Object(Illuminate\Http\Request))
#17 [internal function]: Illuminate\Foundation\Http\Kernel->Illuminate\Foundation\Http\{closure}(Object(Illuminate\Http\Request))
#18 /home/urlshort/laravel/vendor/laravel/framework/src/Illuminate/Routing/Pipeline.php(52): call_user_func(Object(Closure), Object(Illuminate\Http\Request))
#19 /home/urlshort/laravel/vendor/laravel/framework/src/Illuminate/Foundation/Http/Middleware/CheckForMaintenanceMode.php(44): Illuminate\Routing\Pipeline->Illuminate\Routing\{closure}(Object(Illuminate\Http\Request))
#20 [internal function]: Illuminate\Foundation\Http\Middleware\CheckForMaintenanceMode->handle(Object(Illuminate\Http\Request), Object(Closure))
#21 /home/urlshort/laravel/vendor/laravel/framework/src/Illuminate/Pipeline/Pipeline.php(124): call_user_func_array(Array, Array)
#22 [internal function]: Illuminate\Pipeline\Pipeline->Illuminate\Pipeline\{closure}(Object(Illuminate\Http\Request))
#23 /home/urlshort/laravel/vendor/laravel/framework/src/Illuminate/Routing/Pipeline.php(32): call_user_func(Object(Closure), Object(Illuminate\Http\Request))
#24 [internal function]: Illuminate\Routing\Pipeline->Illuminate\Routing\{closure}(Object(Illuminate\Http\Request))
#25 /home/urlshort/laravel/vendor/laravel/framework/src/Illuminate/Pipeline/Pipeline.php(103): call_user_func(Object(Closure), Object(Illuminate\Http\Request))
#26 /home/urlshort/laravel/vendor/laravel/framework/src/Illuminate/Foundation/Http/Kernel.php(132): Illuminate\Pipeline\Pipeline->then(Object(Closure))
#27 /home/urlshort/laravel/vendor/laravel/framework/src/Illuminate/Foundation/Http/Kernel.php(99): Illuminate\Foundation\Http\Kernel->sendRequestThroughRouter(Object(Illuminate\Http\Request))
#28 /home/urlshort/laravel/public/index.php(54): Illuminate\Foundation\Http\Kernel->handle(Object(Illuminate\Http\Request))
#29 {main}  
[2016-01-11 10:24:10] production.ERROR: exception 'RuntimeException' with message 'No supported encrypter found. The cipher and / or key length are invalid.' in /home/urlshort/laravel/vendor/laravel/framework/src/Illuminate/Encryption/EncryptionServiceProvider.php:29
Stack trace:
#0 /home/urlshort/laravel/vendor/laravel/framework/src/Illuminate/Container/Container.php(733): Illuminate\Encryption\EncryptionServiceProvider->Illuminate\Encryption\{closure}(Object(Illuminate\Foundation\Application), Array)
#1 /home/urlshort/laravel/vendor/laravel/framework/src/Illuminate/Container/Container.php(631): Illuminate\Container\Container->build(Object(Closure), Array)
#2 /home/urlshort/laravel/vendor/laravel/framework/src/Illuminate/Foundation/Application.php(674): Illuminate\Container\Container->make('encrypter', Array)
#3 /home/urlshort/laravel/vendor/laravel/framework/src/Illuminate/Container/Container.php(851): Illuminate\Foundation\Application->make('Illuminate\\Cont...')
#4 /home/urlshort/laravel/vendor/laravel/framework/src/Illuminate/Container/Container.php(806): Illuminate\Container\Container->resolveClass(Object(ReflectionParameter))
#5 /home/urlshort/laravel/vendor/laravel/framework/src/Illuminate/Container/Container.php(777): Illuminate\Container\Container->getDependencies(Array, Array)
#6 /home/urlshort/laravel/vendor/laravel/framework/src/Illuminate/Container/Container.php(631): Illuminate\Container\Container->build('App\\Http\\Middle...', Array)
#7 /home/urlshort/laravel/vendor/laravel/framework/src/Illuminate/Foundation/Application.php(674): Illuminate\Container\Container->make('App\\Http\\Middle...', Array)
#8 /home/urlshort/laravel/vendor/laravel/framework/src/Illuminate/Foundation/Http/Kernel.php(152): Illuminate\Foundation\Application->make('App\\Http\\Middle...')
#9 /home/urlshort/laravel/public/index.php(58): Illuminate\Foundation\Http\Kernel->terminate(Object(Illuminate\Http\Request), Object(Illuminate\Http\Response))
#10 {main}  
[2016-01-11 10:31:29] production.ERROR: exception 'RuntimeException' with message 'No supported encrypter found. The cipher and / or key length are invalid.' in /home/urlshort/laravel/vendor/laravel/framework/src/Illuminate/Encryption/EncryptionServiceProvider.php:29
Stack trace:
#0 /home/urlshort/laravel/vendor/laravel/framework/src/Illuminate/Container/Container.php(733): Illuminate\Encryption\EncryptionServiceProvider->Illuminate\Encryption\{closure}(Object(Illuminate\Foundation\Application), Array)
#1 /home/urlshort/laravel/vendor/laravel/framework/src/Illuminate/Container/Container.php(631): Illuminate\Container\Container->build(Object(Closure), Array)
#2 /home/urlshort/laravel/vendor/laravel/framework/src/Illuminate/Foundation/Application.php(674): Illuminate\Container\Container->make('encrypter', Array)
#3 /home/urlshort/laravel/vendor/laravel/framework/src/Illuminate/Container/Container.php(851): Illuminate\Foundation\Application->make('Illuminate\\Cont...')
#4 /home/urlshort/laravel/vendor/laravel/framework/src/Illuminate/Container/Container.php(806): Illuminate\Container\Container->resolveClass(Object(ReflectionParameter))
#5 /home/urlshort/laravel/vendor/laravel/framework/src/Illuminate/Container/Container.php(777): Illuminate\Container\Container->getDependencies(Array, Array)
#6 /home/urlshort/laravel/vendor/laravel/framework/src/Illuminate/Container/Container.php(631): Illuminate\Container\Container->build('App\\Http\\Middle...', Array)
#7 /home/urlshort/laravel/vendor/laravel/framework/src/Illuminate/Foundation/Application.php(674): Illuminate\Container\Container->make('App\\Http\\Middle...', Array)
#8 /home/urlshort/laravel/vendor/laravel/framework/src/Illuminate/Pipeline/Pipeline.php(123): Illuminate\Foundation\Application->make('App\\Http\\Middle...')
#9 [internal function]: Illuminate\Pipeline\Pipeline->Illuminate\Pipeline\{closure}(Object(Illuminate\Http\Request))
#10 /home/urlshort/laravel/vendor/laravel/framework/src/Illuminate/Routing/Pipeline.php(32): call_user_func(Object(Closure), Object(Illuminate\Http\Request))
#11 [internal function]: Illuminate\Routing\Pipeline->Illuminate\Routing\{closure}(Object(Illuminate\Http\Request))
#12 /home/urlshort/laravel/vendor/laravel/framework/src/Illuminate/Pipeline/Pipeline.php(103): call_user_func(Object(Closure), Object(Illuminate\Http\Request))
#13 /home/urlshort/laravel/vendor/laravel/framework/src/Illuminate/Routing/Router.php(705): Illuminate\Pipeline\Pipeline->then(Object(Closure))
#14 /home/urlshort/laravel/vendor/laravel/framework/src/Illuminate/Routing/Router.php(678): Illuminate\Routing\Router->runRouteWithinStack(Object(Illuminate\Routing\Route), Object(Illuminate\Http\Request))
#15 /home/urlshort/laravel/vendor/laravel/framework/src/Illuminate/Routing/Router.php(654): Illuminate\Routing\Router->dispatchToRoute(Object(Illuminate\Http\Request))
#16 /home/urlshort/laravel/vendor/laravel/framework/src/Illuminate/Foundation/Http/Kernel.php(246): Illuminate\Routing\Router->dispatch(Object(Illuminate\Http\Request))
#17 [internal function]: Illuminate\Foundation\Http\Kernel->Illuminate\Foundation\Http\{closure}(Object(Illuminate\Http\Request))
#18 /home/urlshort/laravel/vendor/laravel/framework/src/Illuminate/Routing/Pipeline.php(52): call_user_func(Object(Closure), Object(Illuminate\Http\Request))
#19 /home/urlshort/laravel/vendor/laravel/framework/src/Illuminate/Foundation/Http/Middleware/CheckForMaintenanceMode.php(44): Illuminate\Routing\Pipeline->Illuminate\Routing\{closure}(Object(Illuminate\Http\Request))
#20 [internal function]: Illuminate\Foundation\Http\Middleware\CheckForMaintenanceMode->handle(Object(Illuminate\Http\Request), Object(Closure))
#21 /home/urlshort/laravel/vendor/laravel/framework/src/Illuminate/Pipeline/Pipeline.php(124): call_user_func_array(Array, Array)
#22 [internal function]: Illuminate\Pipeline\Pipeline->Illuminate\Pipeline\{closure}(Object(Illuminate\Http\Request))
#23 /home/urlshort/laravel/vendor/laravel/framework/src/Illuminate/Routing/Pipeline.php(32): call_user_func(Object(Closure), Object(Illuminate\Http\Request))
#24 [internal function]: Illuminate\Routing\Pipeline->Illuminate\Routing\{closure}(Object(Illuminate\Http\Request))
#25 /home/urlshort/laravel/vendor/laravel/framework/src/Illuminate/Pipeline/Pipeline.php(103): call_user_func(Object(Closure), Object(Illuminate\Http\Request))
#26 /home/urlshort/laravel/vendor/laravel/framework/src/Illuminate/Foundation/Http/Kernel.php(132): Illuminate\Pipeline\Pipeline->then(Object(Closure))
#27 /home/urlshort/laravel/vendor/laravel/framework/src/Illuminate/Foundation/Http/Kernel.php(99): Illuminate\Foundation\Http\Kernel->sendRequestThroughRouter(Object(Illuminate\Http\Request))
#28 /home/urlshort/laravel/public/index.php(54): Illuminate\Foundation\Http\Kernel->handle(Object(Illuminate\Http\Request))
#29 {main}  
[2016-01-11 10:31:29] production.ERROR: exception 'RuntimeException' with message 'No supported encrypter found. The cipher and / or key length are invalid.' in /home/urlshort/laravel/vendor/laravel/framework/src/Illuminate/Encryption/EncryptionServiceProvider.php:29
Stack trace:
#0 /home/urlshort/laravel/vendor/laravel/framework/src/Illuminate/Container/Container.php(733): Illuminate\Encryption\EncryptionServiceProvider->Illuminate\Encryption\{closure}(Object(Illuminate\Foundation\Application), Array)
#1 /home/urlshort/laravel/vendor/laravel/framework/src/Illuminate/Container/Container.php(631): Illuminate\Container\Container->build(Object(Closure), Array)
#2 /home/urlshort/laravel/vendor/laravel/framework/src/Illuminate/Foundation/Application.php(674): Illuminate\Container\Container->make('encrypter', Array)
#3 /home/urlshort/laravel/vendor/laravel/framework/src/Illuminate/Container/Container.php(851): Illuminate\Foundation\Application->make('Illuminate\\Cont...')
#4 /home/urlshort/laravel/vendor/laravel/framework/src/Illuminate/Container/Container.php(806): Illuminate\Container\Container->resolveClass(Object(ReflectionParameter))
#5 /home/urlshort/laravel/vendor/laravel/framework/src/Illuminate/Container/Container.php(777): Illuminate\Container\Container->getDependencies(Array, Array)
#6 /home/urlshort/laravel/vendor/laravel/framework/src/Illuminate/Container/Container.php(631): Illuminate\Container\Container->build('App\\Http\\Middle...', Array)
#7 /home/urlshort/laravel/vendor/laravel/framework/src/Illuminate/Foundation/Application.php(674): Illuminate\Container\Container->make('App\\Http\\Middle...', Array)
#8 /home/urlshort/laravel/vendor/laravel/framework/src/Illuminate/Foundation/Http/Kernel.php(152): Illuminate\Foundation\Application->make('App\\Http\\Middle...')
#9 /home/urlshort/laravel/public/index.php(58): Illuminate\Foundation\Http\Kernel->terminate(Object(Illuminate\Http\Request), Object(Illuminate\Http\Response))
#10 {main}  
[2016-01-11 10:31:31] production.ERROR: exception 'RuntimeException' with message 'No supported encrypter found. The cipher and / or key length are invalid.' in /home/urlshort/laravel/vendor/laravel/framework/src/Illuminate/Encryption/EncryptionServiceProvider.php:29
Stack trace:
#0 /home/urlshort/laravel/vendor/laravel/framework/src/Illuminate/Container/Container.php(733): Illuminate\Encryption\EncryptionServiceProvider->Illuminate\Encryption\{closure}(Object(Illuminate\Foundation\Application), Array)
#1 /home/urlshort/laravel/vendor/laravel/framework/src/Illuminate/Container/Container.php(631): Illuminate\Container\Container->build(Object(Closure), Array)
#2 /home/urlshort/laravel/vendor/laravel/framework/src/Illuminate/Foundation/Application.php(674): Illuminate\Container\Container->make('encrypter', Array)
#3 /home/urlshort/laravel/vendor/laravel/framework/src/Illuminate/Container/Container.php(851): Illuminate\Foundation\Application->make('Illuminate\\Cont...')
#4 /home/urlshort/laravel/vendor/laravel/framework/src/Illuminate/Container/Container.php(806): Illuminate\Container\Container->resolveClass(Object(ReflectionParameter))
#5 /home/urlshort/laravel/vendor/laravel/framework/src/Illuminate/Container/Container.php(777): Illuminate\Container\Container->getDependencies(Array, Array)
#6 /home/urlshort/laravel/vendor/laravel/framework/src/Illuminate/Container/Container.php(631): Illuminate\Container\Container->build('App\\Http\\Middle...', Array)
#7 /home/urlshort/laravel/vendor/laravel/framework/src/Illuminate/Foundation/Application.php(674): Illuminate\Container\Container->make('App\\Http\\Middle...', Array)
#8 /home/urlshort/laravel/vendor/laravel/framework/src/Illuminate/Pipeline/Pipeline.php(123): Illuminate\Foundation\Application->make('App\\Http\\Middle...')
#9 [internal function]: Illuminate\Pipeline\Pipeline->Illuminate\Pipeline\{closure}(Object(Illuminate\Http\Request))
#10 /home/urlshort/laravel/vendor/laravel/framework/src/Illuminate/Routing/Pipeline.php(32): call_user_func(Object(Closure), Object(Illuminate\Http\Request))
#11 [internal function]: Illuminate\Routing\Pipeline->Illuminate\Routing\{closure}(Object(Illuminate\Http\Request))
#12 /home/urlshort/laravel/vendor/laravel/framework/src/Illuminate/Pipeline/Pipeline.php(103): call_user_func(Object(Closure), Object(Illuminate\Http\Request))
#13 /home/urlshort/laravel/vendor/laravel/framework/src/Illuminate/Routing/Router.php(705): Illuminate\Pipeline\Pipeline->then(Object(Closure))
#14 /home/urlshort/laravel/vendor/laravel/framework/src/Illuminate/Routing/Router.php(678): Illuminate\Routing\Router->runRouteWithinStack(Object(Illuminate\Routing\Route), Object(Illuminate\Http\Request))
#15 /home/urlshort/laravel/vendor/laravel/framework/src/Illuminate/Routing/Router.php(654): Illuminate\Routing\Router->dispatchToRoute(Object(Illuminate\Http\Request))
#16 /home/urlshort/laravel/vendor/laravel/framework/src/Illuminate/Foundation/Http/Kernel.php(246): Illuminate\Routing\Router->dispatch(Object(Illuminate\Http\Request))
#17 [internal function]: Illuminate\Foundation\Http\Kernel->Illuminate\Foundation\Http\{closure}(Object(Illuminate\Http\Request))
#18 /home/urlshort/laravel/vendor/laravel/framework/src/Illuminate/Routing/Pipeline.php(52): call_user_func(Object(Closure), Object(Illuminate\Http\Request))
#19 /home/urlshort/laravel/vendor/laravel/framework/src/Illuminate/Foundation/Http/Middleware/CheckForMaintenanceMode.php(44): Illuminate\Routing\Pipeline->Illuminate\Routing\{closure}(Object(Illuminate\Http\Request))
#20 [internal function]: Illuminate\Foundation\Http\Middleware\CheckForMaintenanceMode->handle(Object(Illuminate\Http\Request), Object(Closure))
#21 /home/urlshort/laravel/vendor/laravel/framework/src/Illuminate/Pipeline/Pipeline.php(124): call_user_func_array(Array, Array)
#22 [internal function]: Illuminate\Pipeline\Pipeline->Illuminate\Pipeline\{closure}(Object(Illuminate\Http\Request))
#23 /home/urlshort/laravel/vendor/laravel/framework/src/Illuminate/Routing/Pipeline.php(32): call_user_func(Object(Closure), Object(Illuminate\Http\Request))
#24 [internal function]: Illuminate\Routing\Pipeline->Illuminate\Routing\{closure}(Object(Illuminate\Http\Request))
#25 /home/urlshort/laravel/vendor/laravel/framework/src/Illuminate/Pipeline/Pipeline.php(103): call_user_func(Object(Closure), Object(Illuminate\Http\Request))
#26 /home/urlshort/laravel/vendor/laravel/framework/src/Illuminate/Foundation/Http/Kernel.php(132): Illuminate\Pipeline\Pipeline->then(Object(Closure))
#27 /home/urlshort/laravel/vendor/laravel/framework/src/Illuminate/Foundation/Http/Kernel.php(99): Illuminate\Foundation\Http\Kernel->sendRequestThroughRouter(Object(Illuminate\Http\Request))
#28 /home/urlshort/laravel/public/index.php(54): Illuminate\Foundation\Http\Kernel->handle(Object(Illuminate\Http\Request))
#29 {main}  
[2016-01-11 10:31:31] production.ERROR: exception 'RuntimeException' with message 'No supported encrypter found. The cipher and / or key length are invalid.' in /home/urlshort/laravel/vendor/laravel/framework/src/Illuminate/Encryption/EncryptionServiceProvider.php:29
Stack trace:
#0 /home/urlshort/laravel/vendor/laravel/framework/src/Illuminate/Container/Container.php(733): Illuminate\Encryption\EncryptionServiceProvider->Illuminate\Encryption\{closure}(Object(Illuminate\Foundation\Application), Array)
#1 /home/urlshort/laravel/vendor/laravel/framework/src/Illuminate/Container/Container.php(631): Illuminate\Container\Container->build(Object(Closure), Array)
#2 /home/urlshort/laravel/vendor/laravel/framework/src/Illuminate/Foundation/Application.php(674): Illuminate\Container\Container->make('encrypter', Array)
#3 /home/urlshort/laravel/vendor/laravel/framework/src/Illuminate/Container/Container.php(851): Illuminate\Foundation\Application->make('Illuminate\\Cont...')
#4 /home/urlshort/laravel/vendor/laravel/framework/src/Illuminate/Container/Container.php(806): Illuminate\Container\Container->resolveClass(Object(ReflectionParameter))
#5 /home/urlshort/laravel/vendor/laravel/framework/src/Illuminate/Container/Container.php(777): Illuminate\Container\Container->getDependencies(Array, Array)
#6 /home/urlshort/laravel/vendor/laravel/framework/src/Illuminate/Container/Container.php(631): Illuminate\Container\Container->build('App\\Http\\Middle...', Array)
#7 /home/urlshort/laravel/vendor/laravel/framework/src/Illuminate/Foundation/Application.php(674): Illuminate\Container\Container->make('App\\Http\\Middle...', Array)
#8 /home/urlshort/laravel/vendor/laravel/framework/src/Illuminate/Foundation/Http/Kernel.php(152): Illuminate\Foundation\Application->make('App\\Http\\Middle...')
#9 /home/urlshort/laravel/public/index.php(58): Illuminate\Foundation\Http\Kernel->terminate(Object(Illuminate\Http\Request), Object(Illuminate\Http\Response))
#10 {main}  
[2016-01-11 10:35:13] production.ERROR: exception 'ErrorException' with message 'Undefined variable: errors' in /home/urlshort/laravel/storage/framework/views/06afde85cee8a24cbcb5f1c5e6822419a4c1ecda.php:7
Stack trace:
#0 /home/urlshort/laravel/storage/framework/views/06afde85cee8a24cbcb5f1c5e6822419a4c1ecda.php(7): Illuminate\Foundation\Bootstrap\HandleExceptions->handleError(8, 'Undefined varia...', '/home/urlshort/...', 7, Array)
#1 /home/urlshort/laravel/vendor/laravel/framework/src/Illuminate/View/Engines/PhpEngine.php(42): include('/home/urlshort/...')
#2 /home/urlshort/laravel/vendor/laravel/framework/src/Illuminate/View/Engines/CompilerEngine.php(59): Illuminate\View\Engines\PhpEngine->evaluatePath('/home/urlshort/...', Array)
#3 /home/urlshort/laravel/vendor/laravel/framework/src/Illuminate/View/View.php(135): Illuminate\View\Engines\CompilerEngine->get('/home/urlshort/...', Array)
#4 /home/urlshort/laravel/vendor/laravel/framework/src/Illuminate/View/View.php(106): Illuminate\View\View->getContents()
#5 /home/urlshort/laravel/vendor/laravel/framework/src/Illuminate/View/View.php(80): Illuminate\View\View->renderContents()
#6 /home/urlshort/laravel/vendor/laravel/framework/src/Illuminate/Http/Response.php(52): Illuminate\View\View->render()
#7 /home/urlshort/laravel/vendor/symfony/http-foundation/Response.php(197): Illuminate\Http\Response->setContent(Object(Illuminate\View\View))
#8 /home/urlshort/laravel/vendor/laravel/framework/src/Illuminate/Routing/Router.php(1030): Symfony\Component\HttpFoundation\Response->__construct(Object(Illuminate\View\View))
#9 /home/urlshort/laravel/vendor/laravel/framework/src/Illuminate/Routing/ControllerDispatcher.php(95): Illuminate\Routing\Router->prepareResponse(Object(Illuminate\Http\Request), Object(Illuminate\View\View))
#10 [internal function]: Illuminate\Routing\ControllerDispatcher->Illuminate\Routing\{closure}(Object(Illuminate\Http\Request))
#11 /home/urlshort/laravel/vendor/laravel/framework/src/Illuminate/Routing/Pipeline.php(52): call_user_func(Object(Closure), Object(Illuminate\Http\Request))
#12 [internal function]: Illuminate\Routing\Pipeline->Illuminate\Routing\{closure}(Object(Illuminate\Http\Request))
#13 /home/urlshort/laravel/vendor/laravel/framework/src/Illuminate/Pipeline/Pipeline.php(103): call_user_func(Object(Closure), Object(Illuminate\Http\Request))
#14 /home/urlshort/laravel/vendor/laravel/framework/src/Illuminate/Routing/ControllerDispatcher.php(96): Illuminate\Pipeline\Pipeline->then(Object(Closure))
#15 /home/urlshort/laravel/vendor/laravel/framework/src/Illuminate/Routing/ControllerDispatcher.php(54): Illuminate\Routing\ControllerDispatcher->callWithinStack(Object(App\Http\Controllers\ShortenUrlController), Object(Illuminate\Routing\Route), Object(Illuminate\Http\Request), 'index')
#16 /home/urlshort/laravel/vendor/laravel/framework/src/Illuminate/Routing/Route.php(174): Illuminate\Routing\ControllerDispatcher->dispatch(Object(Illuminate\Routing\Route), Object(Illuminate\Http\Request), 'App\\Http\\Contro...', 'index')
#17 /home/urlshort/laravel/vendor/laravel/framework/src/Illuminate/Routing/Route.php(140): Illuminate\Routing\Route->runController(Object(Illuminate\Http\Request))
#18 /home/urlshort/laravel/vendor/laravel/framework/src/Illuminate/Routing/Router.php(703): Illuminate\Routing\Route->run(Object(Illuminate\Http\Request))
#19 [internal function]: Illuminate\Routing\Router->Illuminate\Routing\{closure}(Object(Illuminate\Http\Request))
#20 /home/urlshort/laravel/vendor/laravel/framework/src/Illuminate/Routing/Pipeline.php(52): call_user_func(Object(Closure), Object(Illuminate\Http\Request))
#21 [internal function]: Illuminate\Routing\Pipeline->Illuminate\Routing\{closure}(Object(Illuminate\Http\Request))
#22 /home/urlshort/laravel/vendor/laravel/framework/src/Illuminate/Pipeline/Pipeline.php(103): call_user_func(Object(Closure), Object(Illuminate\Http\Request))
#23 /home/urlshort/laravel/vendor/laravel/framework/src/Illuminate/Routing/Router.php(705): Illuminate\Pipeline\Pipeline->then(Object(Closure))
#24 /home/urlshort/laravel/vendor/laravel/framework/src/Illuminate/Routing/Router.php(678): Illuminate\Routing\Router->runRouteWithinStack(Object(Illuminate\Routing\Route), Object(Illuminate\Http\Request))
#25 /home/urlshort/laravel/vendor/laravel/framework/src/Illuminate/Routing/Router.php(654): Illuminate\Routing\Router->dispatchToRoute(Object(Illuminate\Http\Request))
#26 /home/urlshort/laravel/vendor/laravel/framework/src/Illuminate/Foundation/Http/Kernel.php(246): Illuminate\Routing\Router->dispatch(Object(Illuminate\Http\Request))
#27 [internal function]: Illuminate\Foundation\Http\Kernel->Illuminate\Foundation\Http\{closure}(Object(Illuminate\Http\Request))
#28 /home/urlshort/laravel/vendor/laravel/framework/src/Illuminate/Routing/Pipeline.php(52): call_user_func(Object(Closure), Object(Illuminate\Http\Request))
#29 /home/urlshort/laravel/vendor/laravel/framework/src/Illuminate/Foundation/Http/Middleware/CheckForMaintenanceMode.php(44): Illuminate\Routing\Pipeline->Illuminate\Routing\{closure}(Object(Illuminate\Http\Request))
#30 [internal function]: Illuminate\Foundation\Http\Middleware\CheckForMaintenanceMode->handle(Object(Illuminate\Http\Request), Object(Closure))
#31 /home/urlshort/laravel/vendor/laravel/framework/src/Illuminate/Pipeline/Pipeline.php(124): call_user_func_array(Array, Array)
#32 [internal function]: Illuminate\Pipeline\Pipeline->Illuminate\Pipeline\{closure}(Object(Illuminate\Http\Request))
#33 /home/urlshort/laravel/vendor/laravel/framework/src/Illuminate/Routing/Pipeline.php(32): call_user_func(Object(Closure), Object(Illuminate\Http\Request))
#34 [internal function]: Illuminate\Routing\Pipeline->Illuminate\Routing\{closure}(Object(Illuminate\Http\Request))
#35 /home/urlshort/laravel/vendor/laravel/framework/src/Illuminate/Pipeline/Pipeline.php(103): call_user_func(Object(Closure), Object(Illuminate\Http\Request))
#36 /home/urlshort/laravel/vendor/laravel/framework/src/Illuminate/Foundation/Http/Kernel.php(132): Illuminate\Pipeline\Pipeline->then(Object(Closure))
#37 /home/urlshort/laravel/vendor/laravel/framework/src/Illuminate/Foundation/Http/Kernel.php(99): Illuminate\Foundation\Http\Kernel->sendRequestThroughRouter(Object(Illuminate\Http\Request))
#38 /home/urlshort/laravel/public/index.php(54): Illuminate\Foundation\Http\Kernel->handle(Object(Illuminate\Http\Request))
#39 {main}

Next exception 'ErrorException' with message 'Undefined variable: errors (View: /home/urlshort/laravel/resources/views/shortenurl.blade.php)' in /home/urlshort/laravel/storage/framework/views/06afde85cee8a24cbcb5f1c5e6822419a4c1ecda.php:7
Stack trace:
#0 /home/urlshort/laravel/vendor/laravel/framework/src/Illuminate/View/Engines/PhpEngine.php(44): Illuminate\View\Engines\CompilerEngine->handleViewException(Object(ErrorException), 1)
#1 /home/urlshort/laravel/vendor/laravel/framework/src/Illuminate/View/Engines/CompilerEngine.php(59): Illuminate\View\Engines\PhpEngine->evaluatePath('/home/urlshort/...', Array)
#2 /home/urlshort/laravel/vendor/laravel/framework/src/Illuminate/View/View.php(135): Illuminate\View\Engines\CompilerEngine->get('/home/urlshort/...', Array)
#3 /home/urlshort/laravel/vendor/laravel/framework/src/Illuminate/View/View.php(106): Illuminate\View\View->getContents()
#4 /home/urlshort/laravel/vendor/laravel/framework/src/Illuminate/View/View.php(80): Illuminate\View\View->renderContents()
#5 /home/urlshort/laravel/vendor/laravel/framework/src/Illuminate/Http/Response.php(52): Illuminate\View\View->render()
#6 /home/urlshort/laravel/vendor/symfony/http-foundation/Response.php(197): Illuminate\Http\Response->setContent(Object(Illuminate\View\View))
#7 /home/urlshort/laravel/vendor/laravel/framework/src/Illuminate/Routing/Router.php(1030): Symfony\Component\HttpFoundation\Response->__construct(Object(Illuminate\View\View))
#8 /home/urlshort/laravel/vendor/laravel/framework/src/Illuminate/Routing/ControllerDispatcher.php(95): Illuminate\Routing\Router->prepareResponse(Object(Illuminate\Http\Request), Object(Illuminate\View\View))
#9 [internal function]: Illuminate\Routing\ControllerDispatcher->Illuminate\Routing\{closure}(Object(Illuminate\Http\Request))
#10 /home/urlshort/laravel/vendor/laravel/framework/src/Illuminate/Routing/Pipeline.php(52): call_user_func(Object(Closure), Object(Illuminate\Http\Request))
#11 [internal function]: Illuminate\Routing\Pipeline->Illuminate\Routing\{closure}(Object(Illuminate\Http\Request))
#12 /home/urlshort/laravel/vendor/laravel/framework/src/Illuminate/Pipeline/Pipeline.php(103): call_user_func(Object(Closure), Object(Illuminate\Http\Request))
#13 /home/urlshort/laravel/vendor/laravel/framework/src/Illuminate/Routing/ControllerDispatcher.php(96): Illuminate\Pipeline\Pipeline->then(Object(Closure))
#14 /home/urlshort/laravel/vendor/laravel/framework/src/Illuminate/Routing/ControllerDispatcher.php(54): Illuminate\Routing\ControllerDispatcher->callWithinStack(Object(App\Http\Controllers\ShortenUrlController), Object(Illuminate\Routing\Route), Object(Illuminate\Http\Request), 'index')
#15 /home/urlshort/laravel/vendor/laravel/framework/src/Illuminate/Routing/Route.php(174): Illuminate\Routing\ControllerDispatcher->dispatch(Object(Illuminate\Routing\Route), Object(Illuminate\Http\Request), 'App\\Http\\Contro...', 'index')
#16 /home/urlshort/laravel/vendor/laravel/framework/src/Illuminate/Routing/Route.php(140): Illuminate\Routing\Route->runController(Object(Illuminate\Http\Request))
#17 /home/urlshort/laravel/vendor/laravel/framework/src/Illuminate/Routing/Router.php(703): Illuminate\Routing\Route->run(Object(Illuminate\Http\Request))
#18 [internal function]: Illuminate\Routing\Router->Illuminate\Routing\{closure}(Object(Illuminate\Http\Request))
#19 /home/urlshort/laravel/vendor/laravel/framework/src/Illuminate/Routing/Pipeline.php(52): call_user_func(Object(Closure), Object(Illuminate\Http\Request))
#20 [internal function]: Illuminate\Routing\Pipeline->Illuminate\Routing\{closure}(Object(Illuminate\Http\Request))
#21 /home/urlshort/laravel/vendor/laravel/framework/src/Illuminate/Pipeline/Pipeline.php(103): call_user_func(Object(Closure), Object(Illuminate\Http\Request))
#22 /home/urlshort/laravel/vendor/laravel/framework/src/Illuminate/Routing/Router.php(705): Illuminate\Pipeline\Pipeline->then(Object(Closure))
#23 /home/urlshort/laravel/vendor/laravel/framework/src/Illuminate/Routing/Router.php(678): Illuminate\Routing\Router->runRouteWithinStack(Object(Illuminate\Routing\Route), Object(Illuminate\Http\Request))
#24 /home/urlshort/laravel/vendor/laravel/framework/src/Illuminate/Routing/Router.php(654): Illuminate\Routing\Router->dispatchToRoute(Object(Illuminate\Http\Request))
#25 /home/urlshort/laravel/vendor/laravel/framework/src/Illuminate/Foundation/Http/Kernel.php(246): Illuminate\Routing\Router->dispatch(Object(Illuminate\Http\Request))
#26 [internal function]: Illuminate\Foundation\Http\Kernel->Illuminate\Foundation\Http\{closure}(Object(Illuminate\Http\Request))
#27 /home/urlshort/laravel/vendor/laravel/framework/src/Illuminate/Routing/Pipeline.php(52): call_user_func(Object(Closure), Object(Illuminate\Http\Request))
#28 /home/urlshort/laravel/vendor/laravel/framework/src/Illuminate/Foundation/Http/Middleware/CheckForMaintenanceMode.php(44): Illuminate\Routing\Pipeline->Illuminate\Routing\{closure}(Object(Illuminate\Http\Request))
#29 [internal function]: Illuminate\Foundation\Http\Middleware\CheckForMaintenanceMode->handle(Object(Illuminate\Http\Request), Object(Closure))
#30 /home/urlshort/laravel/vendor/laravel/framework/src/Illuminate/Pipeline/Pipeline.php(124): call_user_func_array(Array, Array)
#31 [internal function]: Illuminate\Pipeline\Pipeline->Illuminate\Pipeline\{closure}(Object(Illuminate\Http\Request))
#32 /home/urlshort/laravel/vendor/laravel/framework/src/Illuminate/Routing/Pipeline.php(32): call_user_func(Object(Closure), Object(Illuminate\Http\Request))
#33 [internal function]: Illuminate\Routing\Pipeline->Illuminate\Routing\{closure}(Object(Illuminate\Http\Request))
#34 /home/urlshort/laravel/vendor/laravel/framework/src/Illuminate/Pipeline/Pipeline.php(103): call_user_func(Object(Closure), Object(Illuminate\Http\Request))
#35 /home/urlshort/laravel/vendor/laravel/framework/src/Illuminate/Foundation/Http/Kernel.php(132): Illuminate\Pipeline\Pipeline->then(Object(Closure))
#36 /home/urlshort/laravel/vendor/laravel/framework/src/Illuminate/Foundation/Http/Kernel.php(99): Illuminate\Foundation\Http\Kernel->sendRequestThroughRouter(Object(Illuminate\Http\Request))
#37 /home/urlshort/laravel/public/index.php(54): Illuminate\Foundation\Http\Kernel->handle(Object(Illuminate\Http\Request))
#38 {main}  
[2016-01-11 10:41:53] production.ERROR: exception 'RuntimeException' with message 'No supported encrypter found. The cipher and / or key length are invalid.' in /home/urlshort/laravel/vendor/laravel/framework/src/Illuminate/Encryption/EncryptionServiceProvider.php:29
Stack trace:
#0 /home/urlshort/laravel/vendor/laravel/framework/src/Illuminate/Container/Container.php(733): Illuminate\Encryption\EncryptionServiceProvider->Illuminate\Encryption\{closure}(Object(Illuminate\Foundation\Application), Array)
#1 /home/urlshort/laravel/vendor/laravel/framework/src/Illuminate/Container/Container.php(631): Illuminate\Container\Container->build(Object(Closure), Array)
#2 /home/urlshort/laravel/vendor/laravel/framework/src/Illuminate/Foundation/Application.php(674): Illuminate\Container\Container->make('encrypter', Array)
#3 /home/urlshort/laravel/vendor/laravel/framework/src/Illuminate/Container/Container.php(851): Illuminate\Foundation\Application->make('Illuminate\\Cont...')
#4 /home/urlshort/laravel/vendor/laravel/framework/src/Illuminate/Container/Container.php(806): Illuminate\Container\Container->resolveClass(Object(ReflectionParameter))
#5 /home/urlshort/laravel/vendor/laravel/framework/src/Illuminate/Container/Container.php(777): Illuminate\Container\Container->getDependencies(Array, Array)
#6 /home/urlshort/laravel/vendor/laravel/framework/src/Illuminate/Container/Container.php(631): Illuminate\Container\Container->build('App\\Http\\Middle...', Array)
#7 /home/urlshort/laravel/vendor/laravel/framework/src/Illuminate/Foundation/Application.php(674): Illuminate\Container\Container->make('App\\Http\\Middle...', Array)
#8 /home/urlshort/laravel/vendor/laravel/framework/src/Illuminate/Pipeline/Pipeline.php(123): Illuminate\Foundation\Application->make('App\\Http\\Middle...')
#9 [internal function]: Illuminate\Pipeline\Pipeline->Illuminate\Pipeline\{closure}(Object(Illuminate\Http\Request))
#10 /home/urlshort/laravel/vendor/laravel/framework/src/Illuminate/Routing/Pipeline.php(32): call_user_func(Object(Closure), Object(Illuminate\Http\Request))
#11 [internal function]: Illuminate\Routing\Pipeline->Illuminate\Routing\{closure}(Object(Illuminate\Http\Request))
#12 /home/urlshort/laravel/vendor/laravel/framework/src/Illuminate/Pipeline/Pipeline.php(103): call_user_func(Object(Closure), Object(Illuminate\Http\Request))
#13 /home/urlshort/laravel/vendor/laravel/framework/src/Illuminate/Routing/Router.php(705): Illuminate\Pipeline\Pipeline->then(Object(Closure))
#14 /home/urlshort/laravel/vendor/laravel/framework/src/Illuminate/Routing/Router.php(678): Illuminate\Routing\Router->runRouteWithinStack(Object(Illuminate\Routing\Route), Object(Illuminate\Http\Request))
#15 /home/urlshort/laravel/vendor/laravel/framework/src/Illuminate/Routing/Router.php(654): Illuminate\Routing\Router->dispatchToRoute(Object(Illuminate\Http\Request))
#16 /home/urlshort/laravel/vendor/laravel/framework/src/Illuminate/Foundation/Http/Kernel.php(246): Illuminate\Routing\Router->dispatch(Object(Illuminate\Http\Request))
#17 [internal function]: Illuminate\Foundation\Http\Kernel->Illuminate\Foundation\Http\{closure}(Object(Illuminate\Http\Request))
#18 /home/urlshort/laravel/vendor/laravel/framework/src/Illuminate/Routing/Pipeline.php(52): call_user_func(Object(Closure), Object(Illuminate\Http\Request))
#19 /home/urlshort/laravel/vendor/laravel/framework/src/Illuminate/Foundation/Http/Middleware/CheckForMaintenanceMode.php(44): Illuminate\Routing\Pipeline->Illuminate\Routing\{closure}(Object(Illuminate\Http\Request))
#20 [internal function]: Illuminate\Foundation\Http\Middleware\CheckForMaintenanceMode->handle(Object(Illuminate\Http\Request), Object(Closure))
#21 /home/urlshort/laravel/vendor/laravel/framework/src/Illuminate/Pipeline/Pipeline.php(124): call_user_func_array(Array, Array)
#22 [internal function]: Illuminate\Pipeline\Pipeline->Illuminate\Pipeline\{closure}(Object(Illuminate\Http\Request))
#23 /home/urlshort/laravel/vendor/laravel/framework/src/Illuminate/Routing/Pipeline.php(32): call_user_func(Object(Closure), Object(Illuminate\Http\Request))
#24 [internal function]: Illuminate\Routing\Pipeline->Illuminate\Routing\{closure}(Object(Illuminate\Http\Request))
#25 /home/urlshort/laravel/vendor/laravel/framework/src/Illuminate/Pipeline/Pipeline.php(103): call_user_func(Object(Closure), Object(Illuminate\Http\Request))
#26 /home/urlshort/laravel/vendor/laravel/framework/src/Illuminate/Foundation/Http/Kernel.php(132): Illuminate\Pipeline\Pipeline->then(Object(Closure))
#27 /home/urlshort/laravel/vendor/laravel/framework/src/Illuminate/Foundation/Http/Kernel.php(99): Illuminate\Foundation\Http\Kernel->sendRequestThroughRouter(Object(Illuminate\Http\Request))
#28 /home/urlshort/laravel/public/index.php(54): Illuminate\Foundation\Http\Kernel->handle(Object(Illuminate\Http\Request))
#29 {main}  
[2016-01-11 10:41:53] production.ERROR: exception 'RuntimeException' with message 'No supported encrypter found. The cipher and / or key length are invalid.' in /home/urlshort/laravel/vendor/laravel/framework/src/Illuminate/Encryption/EncryptionServiceProvider.php:29
Stack trace:
#0 /home/urlshort/laravel/vendor/laravel/framework/src/Illuminate/Container/Container.php(733): Illuminate\Encryption\EncryptionServiceProvider->Illuminate\Encryption\{closure}(Object(Illuminate\Foundation\Application), Array)
#1 /home/urlshort/laravel/vendor/laravel/framework/src/Illuminate/Container/Container.php(631): Illuminate\Container\Container->build(Object(Closure), Array)
#2 /home/urlshort/laravel/vendor/laravel/framework/src/Illuminate/Foundation/Application.php(674): Illuminate\Container\Container->make('encrypter', Array)
#3 /home/urlshort/laravel/vendor/laravel/framework/src/Illuminate/Container/Container.php(851): Illuminate\Foundation\Application->make('Illuminate\\Cont...')
#4 /home/urlshort/laravel/vendor/laravel/framework/src/Illuminate/Container/Container.php(806): Illuminate\Container\Container->resolveClass(Object(ReflectionParameter))
#5 /home/urlshort/laravel/vendor/laravel/framework/src/Illuminate/Container/Container.php(777): Illuminate\Container\Container->getDependencies(Array, Array)
#6 /home/urlshort/laravel/vendor/laravel/framework/src/Illuminate/Container/Container.php(631): Illuminate\Container\Container->build('App\\Http\\Middle...', Array)
#7 /home/urlshort/laravel/vendor/laravel/framework/src/Illuminate/Foundation/Application.php(674): Illuminate\Container\Container->make('App\\Http\\Middle...', Array)
#8 /home/urlshort/laravel/vendor/laravel/framework/src/Illuminate/Foundation/Http/Kernel.php(152): Illuminate\Foundation\Application->make('App\\Http\\Middle...')
#9 /home/urlshort/laravel/public/index.php(58): Illuminate\Foundation\Http\Kernel->terminate(Object(Illuminate\Http\Request), Object(Illuminate\Http\Response))
#10 {main}  
[2016-01-11 11:20:33] production.ERROR: exception 'ErrorException' with message 'Undefined variable: actual_url' in /home/urlshort/laravel/storage/framework/views/06afde85cee8a24cbcb5f1c5e6822419a4c1ecda.php:18
Stack trace:
#0 /home/urlshort/laravel/storage/framework/views/06afde85cee8a24cbcb5f1c5e6822419a4c1ecda.php(18): Illuminate\Foundation\Bootstrap\HandleExceptions->handleError(8, 'Undefined varia...', '/home/urlshort/...', 18, Array)
#1 /home/urlshort/laravel/vendor/laravel/framework/src/Illuminate/View/Engines/PhpEngine.php(42): include('/home/urlshort/...')
#2 /home/urlshort/laravel/vendor/laravel/framework/src/Illuminate/View/Engines/CompilerEngine.php(59): Illuminate\View\Engines\PhpEngine->evaluatePath('/home/urlshort/...', Array)
#3 /home/urlshort/laravel/vendor/laravel/framework/src/Illuminate/View/View.php(135): Illuminate\View\Engines\CompilerEngine->get('/home/urlshort/...', Array)
#4 /home/urlshort/laravel/vendor/laravel/framework/src/Illuminate/View/View.php(106): Illuminate\View\View->getContents()
#5 /home/urlshort/laravel/vendor/laravel/framework/src/Illuminate/View/View.php(80): Illuminate\View\View->renderContents()
#6 /home/urlshort/laravel/vendor/laravel/framework/src/Illuminate/Http/Response.php(52): Illuminate\View\View->render()
#7 /home/urlshort/laravel/vendor/symfony/http-foundation/Response.php(197): Illuminate\Http\Response->setContent(Object(Illuminate\View\View))
#8 /home/urlshort/laravel/vendor/laravel/framework/src/Illuminate/Routing/Router.php(1030): Symfony\Component\HttpFoundation\Response->__construct(Object(Illuminate\View\View))
#9 /home/urlshort/laravel/vendor/laravel/framework/src/Illuminate/Routing/ControllerDispatcher.php(95): Illuminate\Routing\Router->prepareResponse(Object(Illuminate\Http\Request), Object(Illuminate\View\View))
#10 [internal function]: Illuminate\Routing\ControllerDispatcher->Illuminate\Routing\{closure}(Object(Illuminate\Http\Request))
#11 /home/urlshort/laravel/vendor/laravel/framework/src/Illuminate/Routing/Pipeline.php(52): call_user_func(Object(Closure), Object(Illuminate\Http\Request))
#12 [internal function]: Illuminate\Routing\Pipeline->Illuminate\Routing\{closure}(Object(Illuminate\Http\Request))
#13 /home/urlshort/laravel/vendor/laravel/framework/src/Illuminate/Pipeline/Pipeline.php(103): call_user_func(Object(Closure), Object(Illuminate\Http\Request))
#14 /home/urlshort/laravel/vendor/laravel/framework/src/Illuminate/Routing/ControllerDispatcher.php(96): Illuminate\Pipeline\Pipeline->then(Object(Closure))
#15 /home/urlshort/laravel/vendor/laravel/framework/src/Illuminate/Routing/ControllerDispatcher.php(54): Illuminate\Routing\ControllerDispatcher->callWithinStack(Object(App\Http\Controllers\ShortenUrlController), Object(Illuminate\Routing\Route), Object(Illuminate\Http\Request), 'index')
#16 /home/urlshort/laravel/vendor/laravel/framework/src/Illuminate/Routing/Route.php(174): Illuminate\Routing\ControllerDispatcher->dispatch(Object(Illuminate\Routing\Route), Object(Illuminate\Http\Request), 'App\\Http\\Contro...', 'index')
#17 /home/urlshort/laravel/vendor/laravel/framework/src/Illuminate/Routing/Route.php(140): Illuminate\Routing\Route->runController(Object(Illuminate\Http\Request))
#18 /home/urlshort/laravel/vendor/laravel/framework/src/Illuminate/Routing/Router.php(703): Illuminate\Routing\Route->run(Object(Illuminate\Http\Request))
#19 [internal function]: Illuminate\Routing\Router->Illuminate\Routing\{closure}(Object(Illuminate\Http\Request))
#20 /home/urlshort/laravel/vendor/laravel/framework/src/Illuminate/Routing/Pipeline.php(52): call_user_func(Object(Closure), Object(Illuminate\Http\Request))
#21 /home/urlshort/laravel/vendor/laravel/framework/src/Illuminate/Foundation/Http/Middleware/VerifyCsrfToken.php(64): Illuminate\Routing\Pipeline->Illuminate\Routing\{closure}(Object(Illuminate\Http\Request))
#22 [internal function]: Illuminate\Foundation\Http\Middleware\VerifyCsrfToken->handle(Object(Illuminate\Http\Request), Object(Closure))
#23 /home/urlshort/laravel/vendor/laravel/framework/src/Illuminate/Pipeline/Pipeline.php(124): call_user_func_array(Array, Array)
#24 [internal function]: Illuminate\Pipeline\Pipeline->Illuminate\Pipeline\{closure}(Object(Illuminate\Http\Request))
#25 /home/urlshort/laravel/vendor/laravel/framework/src/Illuminate/Routing/Pipeline.php(32): call_user_func(Object(Closure), Object(Illuminate\Http\Request))
#26 /home/urlshort/laravel/vendor/laravel/framework/src/Illuminate/View/Middleware/ShareErrorsFromSession.php(49): Illuminate\Routing\Pipeline->Illuminate\Routing\{closure}(Object(Illuminate\Http\Request))
#27 [internal function]: Illuminate\View\Middleware\ShareErrorsFromSession->handle(Object(Illuminate\Http\Request), Object(Closure))
#28 /home/urlshort/laravel/vendor/laravel/framework/src/Illuminate/Pipeline/Pipeline.php(124): call_user_func_array(Array, Array)
#29 [internal function]: Illuminate\Pipeline\Pipeline->Illuminate\Pipeline\{closure}(Object(Illuminate\Http\Request))
#30 /home/urlshort/laravel/vendor/laravel/framework/src/Illuminate/Routing/Pipeline.php(32): call_user_func(Object(Closure), Object(Illuminate\Http\Request))
#31 /home/urlshort/laravel/vendor/laravel/framework/src/Illuminate/Session/Middleware/StartSession.php(62): Illuminate\Routing\Pipeline->Illuminate\Routing\{closure}(Object(Illuminate\Http\Request))
#32 [internal function]: Illuminate\Session\Middleware\StartSession->handle(Object(Illuminate\Http\Request), Object(Closure))
#33 /home/urlshort/laravel/vendor/laravel/framework/src/Illuminate/Pipeline/Pipeline.php(124): call_user_func_array(Array, Array)
#34 [internal function]: Illuminate\Pipeline\Pipeline->Illuminate\Pipeline\{closure}(Object(Illuminate\Http\Request))
#35 /home/urlshort/laravel/vendor/laravel/framework/src/Illuminate/Routing/Pipeline.php(32): call_user_func(Object(Closure), Object(Illuminate\Http\Request))
#36 /home/urlshort/laravel/vendor/laravel/framework/src/Illuminate/Cookie/Middleware/AddQueuedCookiesToResponse.php(37): Illuminate\Routing\Pipeline->Illuminate\Routing\{closure}(Object(Illuminate\Http\Request))
#37 [internal function]: Illuminate\Cookie\Middleware\AddQueuedCookiesToResponse->handle(Object(Illuminate\Http\Request), Object(Closure))
#38 /home/urlshort/laravel/vendor/laravel/framework/src/Illuminate/Pipeline/Pipeline.php(124): call_user_func_array(Array, Array)
#39 [internal function]: Illuminate\Pipeline\Pipeline->Illuminate\Pipeline\{closure}(Object(Illuminate\Http\Request))
#40 /home/urlshort/laravel/vendor/laravel/framework/src/Illuminate/Routing/Pipeline.php(32): call_user_func(Object(Closure), Object(Illuminate\Http\Request))
#41 /home/urlshort/laravel/vendor/laravel/framework/src/Illuminate/Cookie/Middleware/EncryptCookies.php(59): Illuminate\Routing\Pipeline->Illuminate\Routing\{closure}(Object(Illuminate\Http\Request))
#42 [internal function]: Illuminate\Cookie\Middleware\EncryptCookies->handle(Object(Illuminate\Http\Request), Object(Closure))
#43 /home/urlshort/laravel/vendor/laravel/framework/src/Illuminate/Pipeline/Pipeline.php(124): call_user_func_array(Array, Array)
#44 [internal function]: Illuminate\Pipeline\Pipeline->Illuminate\Pipeline\{closure}(Object(Illuminate\Http\Request))
#45 /home/urlshort/laravel/vendor/laravel/framework/src/Illuminate/Routing/Pipeline.php(32): call_user_func(Object(Closure), Object(Illuminate\Http\Request))
#46 [internal function]: Illuminate\Routing\Pipeline->Illuminate\Routing\{closure}(Object(Illuminate\Http\Request))
#47 /home/urlshort/laravel/vendor/laravel/framework/src/Illuminate/Pipeline/Pipeline.php(103): call_user_func(Object(Closure), Object(Illuminate\Http\Request))
#48 /home/urlshort/laravel/vendor/laravel/framework/src/Illuminate/Routing/Router.php(705): Illuminate\Pipeline\Pipeline->then(Object(Closure))
#49 /home/urlshort/laravel/vendor/laravel/framework/src/Illuminate/Routing/Router.php(678): Illuminate\Routing\Router->runRouteWithinStack(Object(Illuminate\Routing\Route), Object(Illuminate\Http\Request))
#50 /home/urlshort/laravel/vendor/laravel/framework/src/Illuminate/Routing/Router.php(654): Illuminate\Routing\Router->dispatchToRoute(Object(Illuminate\Http\Request))
#51 /home/urlshort/laravel/vendor/laravel/framework/src/Illuminate/Foundation/Http/Kernel.php(246): Illuminate\Routing\Router->dispatch(Object(Illuminate\Http\Request))
#52 [internal function]: Illuminate\Foundation\Http\Kernel->Illuminate\Foundation\Http\{closure}(Object(Illuminate\Http\Request))
#53 /home/urlshort/laravel/vendor/laravel/framework/src/Illuminate/Routing/Pipeline.php(52): call_user_func(Object(Closure), Object(Illuminate\Http\Request))
#54 /home/urlshort/laravel/vendor/laravel/framework/src/Illuminate/Foundation/Http/Middleware/CheckForMaintenanceMode.php(44): Illuminate\Routing\Pipeline->Illuminate\Routing\{closure}(Object(Illuminate\Http\Request))
#55 [internal function]: Illuminate\Foundation\Http\Middleware\CheckForMaintenanceMode->handle(Object(Illuminate\Http\Request), Object(Closure))
#56 /home/urlshort/laravel/vendor/laravel/framework/src/Illuminate/Pipeline/Pipeline.php(124): call_user_func_array(Array, Array)
#57 [internal function]: Illuminate\Pipeline\Pipeline->Illuminate\Pipeline\{closure}(Object(Illuminate\Http\Request))
#58 /home/urlshort/laravel/vendor/laravel/framework/src/Illuminate/Routing/Pipeline.php(32): call_user_func(Object(Closure), Object(Illuminate\Http\Request))
#59 [internal function]: Illuminate\Routing\Pipeline->Illuminate\Routing\{closure}(Object(Illuminate\Http\Request))
#60 /home/urlshort/laravel/vendor/laravel/framework/src/Illuminate/Pipeline/Pipeline.php(103): call_user_func(Object(Closure), Object(Illuminate\Http\Request))
#61 /home/urlshort/laravel/vendor/laravel/framework/src/Illuminate/Foundation/Http/Kernel.php(132): Illuminate\Pipeline\Pipeline->then(Object(Closure))
#62 /home/urlshort/laravel/vendor/laravel/framework/src/Illuminate/Foundation/Http/Kernel.php(99): Illuminate\Foundation\Http\Kernel->sendRequestThroughRouter(Object(Illuminate\Http\Request))
#63 /home/urlshort/laravel/public/index.php(54): Illuminate\Foundation\Http\Kernel->handle(Object(Illuminate\Http\Request))
#64 {main}

Next exception 'ErrorException' with message 'Undefined variable: actual_url (View: /home/urlshort/laravel/resources/views/shortenurl.blade.php)' in /home/urlshort/laravel/storage/framework/views/06afde85cee8a24cbcb5f1c5e6822419a4c1ecda.php:18
Stack trace:
#0 /home/urlshort/laravel/vendor/laravel/framework/src/Illuminate/View/Engines/PhpEngine.php(44): Illuminate\View\Engines\CompilerEngine->handleViewException(Object(ErrorException), 1)
#1 /home/urlshort/laravel/vendor/laravel/framework/src/Illuminate/View/Engines/CompilerEngine.php(59): Illuminate\View\Engines\PhpEngine->evaluatePath('/home/urlshort/...', Array)
#2 /home/urlshort/laravel/vendor/laravel/framework/src/Illuminate/View/View.php(135): Illuminate\View\Engines\CompilerEngine->get('/home/urlshort/...', Array)
#3 /home/urlshort/laravel/vendor/laravel/framework/src/Illuminate/View/View.php(106): Illuminate\View\View->getContents()
#4 /home/urlshort/laravel/vendor/laravel/framework/src/Illuminate/View/View.php(80): Illuminate\View\View->renderContents()
#5 /home/urlshort/laravel/vendor/laravel/framework/src/Illuminate/Http/Response.php(52): Illuminate\View\View->render()
#6 /home/urlshort/laravel/vendor/symfony/http-foundation/Response.php(197): Illuminate\Http\Response->setContent(Object(Illuminate\View\View))
#7 /home/urlshort/laravel/vendor/laravel/framework/src/Illuminate/Routing/Router.php(1030): Symfony\Component\HttpFoundation\Response->__construct(Object(Illuminate\View\View))
#8 /home/urlshort/laravel/vendor/laravel/framework/src/Illuminate/Routing/ControllerDispatcher.php(95): Illuminate\Routing\Router->prepareResponse(Object(Illuminate\Http\Request), Object(Illuminate\View\View))
#9 [internal function]: Illuminate\Routing\ControllerDispatcher->Illuminate\Routing\{closure}(Object(Illuminate\Http\Request))
#10 /home/urlshort/laravel/vendor/laravel/framework/src/Illuminate/Routing/Pipeline.php(52): call_user_func(Object(Closure), Object(Illuminate\Http\Request))
#11 [internal function]: Illuminate\Routing\Pipeline->Illuminate\Routing\{closure}(Object(Illuminate\Http\Request))
#12 /home/urlshort/laravel/vendor/laravel/framework/src/Illuminate/Pipeline/Pipeline.php(103): call_user_func(Object(Closure), Object(Illuminate\Http\Request))
#13 /home/urlshort/laravel/vendor/laravel/framework/src/Illuminate/Routing/ControllerDispatcher.php(96): Illuminate\Pipeline\Pipeline->then(Object(Closure))
#14 /home/urlshort/laravel/vendor/laravel/framework/src/Illuminate/Routing/ControllerDispatcher.php(54): Illuminate\Routing\ControllerDispatcher->callWithinStack(Object(App\Http\Controllers\ShortenUrlController), Object(Illuminate\Routing\Route), Object(Illuminate\Http\Request), 'index')
#15 /home/urlshort/laravel/vendor/laravel/framework/src/Illuminate/Routing/Route.php(174): Illuminate\Routing\ControllerDispatcher->dispatch(Object(Illuminate\Routing\Route), Object(Illuminate\Http\Request), 'App\\Http\\Contro...', 'index')
#16 /home/urlshort/laravel/vendor/laravel/framework/src/Illuminate/Routing/Route.php(140): Illuminate\Routing\Route->runController(Object(Illuminate\Http\Request))
#17 /home/urlshort/laravel/vendor/laravel/framework/src/Illuminate/Routing/Router.php(703): Illuminate\Routing\Route->run(Object(Illuminate\Http\Request))
#18 [internal function]: Illuminate\Routing\Router->Illuminate\Routing\{closure}(Object(Illuminate\Http\Request))
#19 /home/urlshort/laravel/vendor/laravel/framework/src/Illuminate/Routing/Pipeline.php(52): call_user_func(Object(Closure), Object(Illuminate\Http\Request))
#20 /home/urlshort/laravel/vendor/laravel/framework/src/Illuminate/Foundation/Http/Middleware/VerifyCsrfToken.php(64): Illuminate\Routing\Pipeline->Illuminate\Routing\{closure}(Object(Illuminate\Http\Request))
#21 [internal function]: Illuminate\Foundation\Http\Middleware\VerifyCsrfToken->handle(Object(Illuminate\Http\Request), Object(Closure))
#22 /home/urlshort/laravel/vendor/laravel/framework/src/Illuminate/Pipeline/Pipeline.php(124): call_user_func_array(Array, Array)
#23 [internal function]: Illuminate\Pipeline\Pipeline->Illuminate\Pipeline\{closure}(Object(Illuminate\Http\Request))
#24 /home/urlshort/laravel/vendor/laravel/framework/src/Illuminate/Routing/Pipeline.php(32): call_user_func(Object(Closure), Object(Illuminate\Http\Request))
#25 /home/urlshort/laravel/vendor/laravel/framework/src/Illuminate/View/Middleware/ShareErrorsFromSession.php(49): Illuminate\Routing\Pipeline->Illuminate\Routing\{closure}(Object(Illuminate\Http\Request))
#26 [internal function]: Illuminate\View\Middleware\ShareErrorsFromSession->handle(Object(Illuminate\Http\Request), Object(Closure))
#27 /home/urlshort/laravel/vendor/laravel/framework/src/Illuminate/Pipeline/Pipeline.php(124): call_user_func_array(Array, Array)
#28 [internal function]: Illuminate\Pipeline\Pipeline->Illuminate\Pipeline\{closure}(Object(Illuminate\Http\Request))
#29 /home/urlshort/laravel/vendor/laravel/framework/src/Illuminate/Routing/Pipeline.php(32): call_user_func(Object(Closure), Object(Illuminate\Http\Request))
#30 /home/urlshort/laravel/vendor/laravel/framework/src/Illuminate/Session/Middleware/StartSession.php(62): Illuminate\Routing\Pipeline->Illuminate\Routing\{closure}(Object(Illuminate\Http\Request))
#31 [internal function]: Illuminate\Session\Middleware\StartSession->handle(Object(Illuminate\Http\Request), Object(Closure))
#32 /home/urlshort/laravel/vendor/laravel/framework/src/Illuminate/Pipeline/Pipeline.php(124): call_user_func_array(Array, Array)
#33 [internal function]: Illuminate\Pipeline\Pipeline->Illuminate\Pipeline\{closure}(Object(Illuminate\Http\Request))
#34 /home/urlshort/laravel/vendor/laravel/framework/src/Illuminate/Routing/Pipeline.php(32): call_user_func(Object(Closure), Object(Illuminate\Http\Request))
#35 /home/urlshort/laravel/vendor/laravel/framework/src/Illuminate/Cookie/Middleware/AddQueuedCookiesToResponse.php(37): Illuminate\Routing\Pipeline->Illuminate\Routing\{closure}(Object(Illuminate\Http\Request))
#36 [internal function]: Illuminate\Cookie\Middleware\AddQueuedCookiesToResponse->handle(Object(Illuminate\Http\Request), Object(Closure))
#37 /home/urlshort/laravel/vendor/laravel/framework/src/Illuminate/Pipeline/Pipeline.php(124): call_user_func_array(Array, Array)
#38 [internal function]: Illuminate\Pipeline\Pipeline->Illuminate\Pipeline\{closure}(Object(Illuminate\Http\Request))
#39 /home/urlshort/laravel/vendor/laravel/framework/src/Illuminate/Routing/Pipeline.php(32): call_user_func(Object(Closure), Object(Illuminate\Http\Request))
#40 /home/urlshort/laravel/vendor/laravel/framework/src/Illuminate/Cookie/Middleware/EncryptCookies.php(59): Illuminate\Routing\Pipeline->Illuminate\Routing\{closure}(Object(Illuminate\Http\Request))
#41 [internal function]: Illuminate\Cookie\Middleware\EncryptCookies->handle(Object(Illuminate\Http\Request), Object(Closure))
#42 /home/urlshort/laravel/vendor/laravel/framework/src/Illuminate/Pipeline/Pipeline.php(124): call_user_func_array(Array, Array)
#43 [internal function]: Illuminate\Pipeline\Pipeline->Illuminate\Pipeline\{closure}(Object(Illuminate\Http\Request))
#44 /home/urlshort/laravel/vendor/laravel/framework/src/Illuminate/Routing/Pipeline.php(32): call_user_func(Object(Closure), Object(Illuminate\Http\Request))
#45 [internal function]: Illuminate\Routing\Pipeline->Illuminate\Routing\{closure}(Object(Illuminate\Http\Request))
#46 /home/urlshort/laravel/vendor/laravel/framework/src/Illuminate/Pipeline/Pipeline.php(103): call_user_func(Object(Closure), Object(Illuminate\Http\Request))
#47 /home/urlshort/laravel/vendor/laravel/framework/src/Illuminate/Routing/Router.php(705): Illuminate\Pipeline\Pipeline->then(Object(Closure))
#48 /home/urlshort/laravel/vendor/laravel/framework/src/Illuminate/Routing/Router.php(678): Illuminate\Routing\Router->runRouteWithinStack(Object(Illuminate\Routing\Route), Object(Illuminate\Http\Request))
#49 /home/urlshort/laravel/vendor/laravel/framework/src/Illuminate/Routing/Router.php(654): Illuminate\Routing\Router->dispatchToRoute(Object(Illuminate\Http\Request))
#50 /home/urlshort/laravel/vendor/laravel/framework/src/Illuminate/Foundation/Http/Kernel.php(246): Illuminate\Routing\Router->dispatch(Object(Illuminate\Http\Request))
#51 [internal function]: Illuminate\Foundation\Http\Kernel->Illuminate\Foundation\Http\{closure}(Object(Illuminate\Http\Request))
#52 /home/urlshort/laravel/vendor/laravel/framework/src/Illuminate/Routing/Pipeline.php(52): call_user_func(Object(Closure), Object(Illuminate\Http\Request))
#53 /home/urlshort/laravel/vendor/laravel/framework/src/Illuminate/Foundation/Http/Middleware/CheckForMaintenanceMode.php(44): Illuminate\Routing\Pipeline->Illuminate\Routing\{closure}(Object(Illuminate\Http\Request))
#54 [internal function]: Illuminate\Foundation\Http\Middleware\CheckForMaintenanceMode->handle(Object(Illuminate\Http\Request), Object(Closure))
#55 /home/urlshort/laravel/vendor/laravel/framework/src/Illuminate/Pipeline/Pipeline.php(124): call_user_func_array(Array, Array)
#56 [internal function]: Illuminate\Pipeline\Pipeline->Illuminate\Pipeline\{closure}(Object(Illuminate\Http\Request))
#57 /home/urlshort/laravel/vendor/laravel/framework/src/Illuminate/Routing/Pipeline.php(32): call_user_func(Object(Closure), Object(Illuminate\Http\Request))
#58 [internal function]: Illuminate\Routing\Pipeline->Illuminate\Routing\{closure}(Object(Illuminate\Http\Request))
#59 /home/urlshort/laravel/vendor/laravel/framework/src/Illuminate/Pipeline/Pipeline.php(103): call_user_func(Object(Closure), Object(Illuminate\Http\Request))
#60 /home/urlshort/laravel/vendor/laravel/framework/src/Illuminate/Foundation/Http/Kernel.php(132): Illuminate\Pipeline\Pipeline->then(Object(Closure))
#61 /home/urlshort/laravel/vendor/laravel/framework/src/Illuminate/Foundation/Http/Kernel.php(99): Illuminate\Foundation\Http\Kernel->sendRequestThroughRouter(Object(Illuminate\Http\Request))
#62 /home/urlshort/laravel/public/index.php(54): Illuminate\Foundation\Http\Kernel->handle(Object(Illuminate\Http\Request))
#63 {main}  
[2016-01-11 11:29:08] production.ERROR: exception 'InvalidArgumentException' with message 'Route [/] not defined.' in /home/urlshort/laravel/vendor/laravel/framework/src/Illuminate/Routing/UrlGenerator.php:307
Stack trace:
#0 /home/urlshort/laravel/vendor/laravel/framework/src/Illuminate/Routing/Redirector.php(157): Illuminate\Routing\UrlGenerator->route('/', Array)
#1 /home/urlshort/laravel/vendor/laravel/framework/src/Illuminate/Support/Facades/Facade.php(216): Illuminate\Routing\Redirector->route('/')
#2 /home/urlshort/laravel/app/Http/Controllers/ShortenUrlController.php(47): Illuminate\Support\Facades\Facade::__callStatic('route', Array)
#3 /home/urlshort/laravel/app/Http/Controllers/ShortenUrlController.php(47): Illuminate\Support\Facades\Redirect::route('/')
#4 [internal function]: App\Http\Controllers\ShortenUrlController->addUrl(Object(App\Http\Requests\ShortenUrlRequest))
#5 /home/urlshort/laravel/vendor/laravel/framework/src/Illuminate/Routing/Controller.php(76): call_user_func_array(Array, Array)
#6 /home/urlshort/laravel/vendor/laravel/framework/src/Illuminate/Routing/ControllerDispatcher.php(146): Illuminate\Routing\Controller->callAction('addUrl', Array)
#7 /home/urlshort/laravel/vendor/laravel/framework/src/Illuminate/Routing/ControllerDispatcher.php(94): Illuminate\Routing\ControllerDispatcher->call(Object(App\Http\Controllers\ShortenUrlController), Object(Illuminate\Routing\Route), 'addUrl')
#8 [internal function]: Illuminate\Routing\ControllerDispatcher->Illuminate\Routing\{closure}(Object(Illuminate\Http\Request))
#9 /home/urlshort/laravel/vendor/laravel/framework/src/Illuminate/Routing/Pipeline.php(52): call_user_func(Object(Closure), Object(Illuminate\Http\Request))
#10 [internal function]: Illuminate\Routing\Pipeline->Illuminate\Routing\{closure}(Object(Illuminate\Http\Request))
#11 /home/urlshort/laravel/vendor/laravel/framework/src/Illuminate/Pipeline/Pipeline.php(103): call_user_func(Object(Closure), Object(Illuminate\Http\Request))
#12 /home/urlshort/laravel/vendor/laravel/framework/src/Illuminate/Routing/ControllerDispatcher.php(96): Illuminate\Pipeline\Pipeline->then(Object(Closure))
#13 /home/urlshort/laravel/vendor/laravel/framework/src/Illuminate/Routing/ControllerDispatcher.php(54): Illuminate\Routing\ControllerDispatcher->callWithinStack(Object(App\Http\Controllers\ShortenUrlController), Object(Illuminate\Routing\Route), Object(Illuminate\Http\Request), 'addUrl')
#14 /home/urlshort/laravel/vendor/laravel/framework/src/Illuminate/Routing/Route.php(174): Illuminate\Routing\ControllerDispatcher->dispatch(Object(Illuminate\Routing\Route), Object(Illuminate\Http\Request), 'App\\Http\\Contro...', 'addUrl')
#15 /home/urlshort/laravel/vendor/laravel/framework/src/Illuminate/Routing/Route.php(140): Illuminate\Routing\Route->runController(Object(Illuminate\Http\Request))
#16 /home/urlshort/laravel/vendor/laravel/framework/src/Illuminate/Routing/Router.php(703): Illuminate\Routing\Route->run(Object(Illuminate\Http\Request))
#17 [internal function]: Illuminate\Routing\Router->Illuminate\Routing\{closure}(Object(Illuminate\Http\Request))
#18 /home/urlshort/laravel/vendor/laravel/framework/src/Illuminate/Routing/Pipeline.php(52): call_user_func(Object(Closure), Object(Illuminate\Http\Request))
#19 /home/urlshort/laravel/vendor/laravel/framework/src/Illuminate/Foundation/Http/Middleware/VerifyCsrfToken.php(64): Illuminate\Routing\Pipeline->Illuminate\Routing\{closure}(Object(Illuminate\Http\Request))
#20 [internal function]: Illuminate\Foundation\Http\Middleware\VerifyCsrfToken->handle(Object(Illuminate\Http\Request), Object(Closure))
#21 /home/urlshort/laravel/vendor/laravel/framework/src/Illuminate/Pipeline/Pipeline.php(124): call_user_func_array(Array, Array)
#22 [internal function]: Illuminate\Pipeline\Pipeline->Illuminate\Pipeline\{closure}(Object(Illuminate\Http\Request))
#23 /home/urlshort/laravel/vendor/laravel/framework/src/Illuminate/Routing/Pipeline.php(32): call_user_func(Object(Closure), Object(Illuminate\Http\Request))
#24 /home/urlshort/laravel/vendor/laravel/framework/src/Illuminate/View/Middleware/ShareErrorsFromSession.php(49): Illuminate\Routing\Pipeline->Illuminate\Routing\{closure}(Object(Illuminate\Http\Request))
#25 [internal function]: Illuminate\View\Middleware\ShareErrorsFromSession->handle(Object(Illuminate\Http\Request), Object(Closure))
#26 /home/urlshort/laravel/vendor/laravel/framework/src/Illuminate/Pipeline/Pipeline.php(124): call_user_func_array(Array, Array)
#27 [internal function]: Illuminate\Pipeline\Pipeline->Illuminate\Pipeline\{closure}(Object(Illuminate\Http\Request))
#28 /home/urlshort/laravel/vendor/laravel/framework/src/Illuminate/Routing/Pipeline.php(32): call_user_func(Object(Closure), Object(Illuminate\Http\Request))
#29 /home/urlshort/laravel/vendor/laravel/framework/src/Illuminate/Session/Middleware/StartSession.php(62): Illuminate\Routing\Pipeline->Illuminate\Routing\{closure}(Object(Illuminate\Http\Request))
#30 [internal function]: Illuminate\Session\Middleware\StartSession->handle(Object(Illuminate\Http\Request), Object(Closure))
#31 /home/urlshort/laravel/vendor/laravel/framework/src/Illuminate/Pipeline/Pipeline.php(124): call_user_func_array(Array, Array)
#32 [internal function]: Illuminate\Pipeline\Pipeline->Illuminate\Pipeline\{closure}(Object(Illuminate\Http\Request))
#33 /home/urlshort/laravel/vendor/laravel/framework/src/Illuminate/Routing/Pipeline.php(32): call_user_func(Object(Closure), Object(Illuminate\Http\Request))
#34 /home/urlshort/laravel/vendor/laravel/framework/src/Illuminate/Cookie/Middleware/AddQueuedCookiesToResponse.php(37): Illuminate\Routing\Pipeline->Illuminate\Routing\{closure}(Object(Illuminate\Http\Request))
#35 [internal function]: Illuminate\Cookie\Middleware\AddQueuedCookiesToResponse->handle(Object(Illuminate\Http\Request), Object(Closure))
#36 /home/urlshort/laravel/vendor/laravel/framework/src/Illuminate/Pipeline/Pipeline.php(124): call_user_func_array(Array, Array)
#37 [internal function]: Illuminate\Pipeline\Pipeline->Illuminate\Pipeline\{closure}(Object(Illuminate\Http\Request))
#38 /home/urlshort/laravel/vendor/laravel/framework/src/Illuminate/Routing/Pipeline.php(32): call_user_func(Object(Closure), Object(Illuminate\Http\Request))
#39 /home/urlshort/laravel/vendor/laravel/framework/src/Illuminate/Cookie/Middleware/EncryptCookies.php(59): Illuminate\Routing\Pipeline->Illuminate\Routing\{closure}(Object(Illuminate\Http\Request))
#40 [internal function]: Illuminate\Cookie\Middleware\EncryptCookies->handle(Object(Illuminate\Http\Request), Object(Closure))
#41 /home/urlshort/laravel/vendor/laravel/framework/src/Illuminate/Pipeline/Pipeline.php(124): call_user_func_array(Array, Array)
#42 [internal function]: Illuminate\Pipeline\Pipeline->Illuminate\Pipeline\{closure}(Object(Illuminate\Http\Request))
#43 /home/urlshort/laravel/vendor/laravel/framework/src/Illuminate/Routing/Pipeline.php(32): call_user_func(Object(Closure), Object(Illuminate\Http\Request))
#44 [internal function]: Illuminate\Routing\Pipeline->Illuminate\Routing\{closure}(Object(Illuminate\Http\Request))
#45 /home/urlshort/laravel/vendor/laravel/framework/src/Illuminate/Pipeline/Pipeline.php(103): call_user_func(Object(Closure), Object(Illuminate\Http\Request))
#46 /home/urlshort/laravel/vendor/laravel/framework/src/Illuminate/Routing/Router.php(705): Illuminate\Pipeline\Pipeline->then(Object(Closure))
#47 /home/urlshort/laravel/vendor/laravel/framework/src/Illuminate/Routing/Router.php(678): Illuminate\Routing\Router->runRouteWithinStack(Object(Illuminate\Routing\Route), Object(Illuminate\Http\Request))
#48 /home/urlshort/laravel/vendor/laravel/framework/src/Illuminate/Routing/Router.php(654): Illuminate\Routing\Router->dispatchToRoute(Object(Illuminate\Http\Request))
#49 /home/urlshort/laravel/vendor/laravel/framework/src/Illuminate/Foundation/Http/Kernel.php(246): Illuminate\Routing\Router->dispatch(Object(Illuminate\Http\Request))
#50 [internal function]: Illuminate\Foundation\Http\Kernel->Illuminate\Foundation\Http\{closure}(Object(Illuminate\Http\Request))
#51 /home/urlshort/laravel/vendor/laravel/framework/src/Illuminate/Routing/Pipeline.php(52): call_user_func(Object(Closure), Object(Illuminate\Http\Request))
#52 /home/urlshort/laravel/vendor/laravel/framework/src/Illuminate/Foundation/Http/Middleware/CheckForMaintenanceMode.php(44): Illuminate\Routing\Pipeline->Illuminate\Routing\{closure}(Object(Illuminate\Http\Request))
#53 [internal function]: Illuminate\Foundation\Http\Middleware\CheckForMaintenanceMode->handle(Object(Illuminate\Http\Request), Object(Closure))
#54 /home/urlshort/laravel/vendor/laravel/framework/src/Illuminate/Pipeline/Pipeline.php(124): call_user_func_array(Array, Array)
#55 [internal function]: Illuminate\Pipeline\Pipeline->Illuminate\Pipeline\{closure}(Object(Illuminate\Http\Request))
#56 /home/urlshort/laravel/vendor/laravel/framework/src/Illuminate/Routing/Pipeline.php(32): call_user_func(Object(Closure), Object(Illuminate\Http\Request))
#57 [internal function]: Illuminate\Routing\Pipeline->Illuminate\Routing\{closure}(Object(Illuminate\Http\Request))
#58 /home/urlshort/laravel/vendor/laravel/framework/src/Illuminate/Pipeline/Pipeline.php(103): call_user_func(Object(Closure), Object(Illuminate\Http\Request))
#59 /home/urlshort/laravel/vendor/laravel/framework/src/Illuminate/Foundation/Http/Kernel.php(132): Illuminate\Pipeline\Pipeline->then(Object(Closure))
#60 /home/urlshort/laravel/vendor/laravel/framework/src/Illuminate/Foundation/Http/Kernel.php(99): Illuminate\Foundation\Http\Kernel->sendRequestThroughRouter(Object(Illuminate\Http\Request))
#61 /home/urlshort/laravel/public/index.php(54): Illuminate\Foundation\Http\Kernel->handle(Object(Illuminate\Http\Request))
#62 {main}  
[2016-01-11 11:35:50] production.ERROR: exception 'Symfony\Component\Debug\Exception\FatalErrorException' with message 'Class 'App\Http\Controllers\Session' not found' in /home/urlshort/laravel/app/Http/Controllers/ShortenUrlController.php:46
Stack trace:
#0 {main}  
[2016-01-11 11:36:44] production.ERROR: exception 'Symfony\Component\Debug\Exception\FatalErrorException' with message 'Call to a member function get() on null' in /home/urlshort/laravel/app/Http/Controllers/ShortenUrlController.php:12
Stack trace:
#0 {main}  
[2016-01-11 12:17:05] production.ERROR: exception 'ErrorException' with message 'Trying to get property of non-object' in /home/urlshort/laravel/app/Http/Controllers/ShortenUrlController.php:46
Stack trace:
#0 /home/urlshort/laravel/app/Http/Controllers/ShortenUrlController.php(46): Illuminate\Foundation\Bootstrap\HandleExceptions->handleError(8, 'Trying to get p...', '/home/urlshort/...', 46, Array)
#1 [internal function]: App\Http\Controllers\ShortenUrlController->addUrl(Object(App\Http\Requests\ShortenUrlRequest))
#2 /home/urlshort/laravel/vendor/laravel/framework/src/Illuminate/Routing/Controller.php(76): call_user_func_array(Array, Array)
#3 /home/urlshort/laravel/vendor/laravel/framework/src/Illuminate/Routing/ControllerDispatcher.php(146): Illuminate\Routing\Controller->callAction('addUrl', Array)
#4 /home/urlshort/laravel/vendor/laravel/framework/src/Illuminate/Routing/ControllerDispatcher.php(94): Illuminate\Routing\ControllerDispatcher->call(Object(App\Http\Controllers\ShortenUrlController), Object(Illuminate\Routing\Route), 'addUrl')
#5 [internal function]: Illuminate\Routing\ControllerDispatcher->Illuminate\Routing\{closure}(Object(Illuminate\Http\Request))
#6 /home/urlshort/laravel/vendor/laravel/framework/src/Illuminate/Routing/Pipeline.php(52): call_user_func(Object(Closure), Object(Illuminate\Http\Request))
#7 [internal function]: Illuminate\Routing\Pipeline->Illuminate\Routing\{closure}(Object(Illuminate\Http\Request))
#8 /home/urlshort/laravel/vendor/laravel/framework/src/Illuminate/Pipeline/Pipeline.php(103): call_user_func(Object(Closure), Object(Illuminate\Http\Request))
#9 /home/urlshort/laravel/vendor/laravel/framework/src/Illuminate/Routing/ControllerDispatcher.php(96): Illuminate\Pipeline\Pipeline->then(Object(Closure))
#10 /home/urlshort/laravel/vendor/laravel/framework/src/Illuminate/Routing/ControllerDispatcher.php(54): Illuminate\Routing\ControllerDispatcher->callWithinStack(Object(App\Http\Controllers\ShortenUrlController), Object(Illuminate\Routing\Route), Object(Illuminate\Http\Request), 'addUrl')
#11 /home/urlshort/laravel/vendor/laravel/framework/src/Illuminate/Routing/Route.php(174): Illuminate\Routing\ControllerDispatcher->dispatch(Object(Illuminate\Routing\Route), Object(Illuminate\Http\Request), 'App\\Http\\Contro...', 'addUrl')
#12 /home/urlshort/laravel/vendor/laravel/framework/src/Illuminate/Routing/Route.php(140): Illuminate\Routing\Route->runController(Object(Illuminate\Http\Request))
#13 /home/urlshort/laravel/vendor/laravel/framework/src/Illuminate/Routing/Router.php(703): Illuminate\Routing\Route->run(Object(Illuminate\Http\Request))
#14 [internal function]: Illuminate\Routing\Router->Illuminate\Routing\{closure}(Object(Illuminate\Http\Request))
#15 /home/urlshort/laravel/vendor/laravel/framework/src/Illuminate/Routing/Pipeline.php(52): call_user_func(Object(Closure), Object(Illuminate\Http\Request))
#16 /home/urlshort/laravel/vendor/laravel/framework/src/Illuminate/Foundation/Http/Middleware/VerifyCsrfToken.php(64): Illuminate\Routing\Pipeline->Illuminate\Routing\{closure}(Object(Illuminate\Http\Request))
#17 [internal function]: Illuminate\Foundation\Http\Middleware\VerifyCsrfToken->handle(Object(Illuminate\Http\Request), Object(Closure))
#18 /home/urlshort/laravel/vendor/laravel/framework/src/Illuminate/Pipeline/Pipeline.php(124): call_user_func_array(Array, Array)
#19 [internal function]: Illuminate\Pipeline\Pipeline->Illuminate\Pipeline\{closure}(Object(Illuminate\Http\Request))
#20 /home/urlshort/laravel/vendor/laravel/framework/src/Illuminate/Routing/Pipeline.php(32): call_user_func(Object(Closure), Object(Illuminate\Http\Request))
#21 /home/urlshort/laravel/vendor/laravel/framework/src/Illuminate/View/Middleware/ShareErrorsFromSession.php(49): Illuminate\Routing\Pipeline->Illuminate\Routing\{closure}(Object(Illuminate\Http\Request))
#22 [internal function]: Illuminate\View\Middleware\ShareErrorsFromSession->handle(Object(Illuminate\Http\Request), Object(Closure))
#23 /home/urlshort/laravel/vendor/laravel/framework/src/Illuminate/Pipeline/Pipeline.php(124): call_user_func_array(Array, Array)
#24 [internal function]: Illuminate\Pipeline\Pipeline->Illuminate\Pipeline\{closure}(Object(Illuminate\Http\Request))
#25 /home/urlshort/laravel/vendor/laravel/framework/src/Illuminate/Routing/Pipeline.php(32): call_user_func(Object(Closure), Object(Illuminate\Http\Request))
#26 /home/urlshort/laravel/vendor/laravel/framework/src/Illuminate/Session/Middleware/StartSession.php(62): Illuminate\Routing\Pipeline->Illuminate\Routing\{closure}(Object(Illuminate\Http\Request))
#27 [internal function]: Illuminate\Session\Middleware\StartSession->handle(Object(Illuminate\Http\Request), Object(Closure))
#28 /home/urlshort/laravel/vendor/laravel/framework/src/Illuminate/Pipeline/Pipeline.php(124): call_user_func_array(Array, Array)
#29 [internal function]: Illuminate\Pipeline\Pipeline->Illuminate\Pipeline\{closure}(Object(Illuminate\Http\Request))
#30 /home/urlshort/laravel/vendor/laravel/framework/src/Illuminate/Routing/Pipeline.php(32): call_user_func(Object(Closure), Object(Illuminate\Http\Request))
#31 /home/urlshort/laravel/vendor/laravel/framework/src/Illuminate/Cookie/Middleware/AddQueuedCookiesToResponse.php(37): Illuminate\Routing\Pipeline->Illuminate\Routing\{closure}(Object(Illuminate\Http\Request))
#32 [internal function]: Illuminate\Cookie\Middleware\AddQueuedCookiesToResponse->handle(Object(Illuminate\Http\Request), Object(Closure))
#33 /home/urlshort/laravel/vendor/laravel/framework/src/Illuminate/Pipeline/Pipeline.php(124): call_user_func_array(Array, Array)
#34 [internal function]: Illuminate\Pipeline\Pipeline->Illuminate\Pipeline\{closure}(Object(Illuminate\Http\Request))
#35 /home/urlshort/laravel/vendor/laravel/framework/src/Illuminate/Routing/Pipeline.php(32): call_user_func(Object(Closure), Object(Illuminate\Http\Request))
#36 /home/urlshort/laravel/vendor/laravel/framework/src/Illuminate/Cookie/Middleware/EncryptCookies.php(59): Illuminate\Routing\Pipeline->Illuminate\Routing\{closure}(Object(Illuminate\Http\Request))
#37 [internal function]: Illuminate\Cookie\Middleware\EncryptCookies->handle(Object(Illuminate\Http\Request), Object(Closure))
#38 /home/urlshort/laravel/vendor/laravel/framework/src/Illuminate/Pipeline/Pipeline.php(124): call_user_func_array(Array, Array)
#39 [internal function]: Illuminate\Pipeline\Pipeline->Illuminate\Pipeline\{closure}(Object(Illuminate\Http\Request))
#40 /home/urlshort/laravel/vendor/laravel/framework/src/Illuminate/Routing/Pipeline.php(32): call_user_func(Object(Closure), Object(Illuminate\Http\Request))
#41 [internal function]: Illuminate\Routing\Pipeline->Illuminate\Routing\{closure}(Object(Illuminate\Http\Request))
#42 /home/urlshort/laravel/vendor/laravel/framework/src/Illuminate/Pipeline/Pipeline.php(103): call_user_func(Object(Closure), Object(Illuminate\Http\Request))
#43 /home/urlshort/laravel/vendor/laravel/framework/src/Illuminate/Routing/Router.php(705): Illuminate\Pipeline\Pipeline->then(Object(Closure))
#44 /home/urlshort/laravel/vendor/laravel/framework/src/Illuminate/Routing/Router.php(678): Illuminate\Routing\Router->runRouteWithinStack(Object(Illuminate\Routing\Route), Object(Illuminate\Http\Request))
#45 /home/urlshort/laravel/vendor/laravel/framework/src/Illuminate/Routing/Router.php(654): Illuminate\Routing\Router->dispatchToRoute(Object(Illuminate\Http\Request))
#46 /home/urlshort/laravel/vendor/laravel/framework/src/Illuminate/Foundation/Http/Kernel.php(246): Illuminate\Routing\Router->dispatch(Object(Illuminate\Http\Request))
#47 [internal function]: Illuminate\Foundation\Http\Kernel->Illuminate\Foundation\Http\{closure}(Object(Illuminate\Http\Request))
#48 /home/urlshort/laravel/vendor/laravel/framework/src/Illuminate/Routing/Pipeline.php(52): call_user_func(Object(Closure), Object(Illuminate\Http\Request))
#49 /home/urlshort/laravel/vendor/laravel/framework/src/Illuminate/Foundation/Http/Middleware/CheckForMaintenanceMode.php(44): Illuminate\Routing\Pipeline->Illuminate\Routing\{closure}(Object(Illuminate\Http\Request))
#50 [internal function]: Illuminate\Foundation\Http\Middleware\CheckForMaintenanceMode->handle(Object(Illuminate\Http\Request), Object(Closure))
#51 /home/urlshort/laravel/vendor/laravel/framework/src/Illuminate/Pipeline/Pipeline.php(124): call_user_func_array(Array, Array)
#52 [internal function]: Illuminate\Pipeline\Pipeline->Illuminate\Pipeline\{closure}(Object(Illuminate\Http\Request))
#53 /home/urlshort/laravel/vendor/laravel/framework/src/Illuminate/Routing/Pipeline.php(32): call_user_func(Object(Closure), Object(Illuminate\Http\Request))
#54 [internal function]: Illuminate\Routing\Pipeline->Illuminate\Routing\{closure}(Object(Illuminate\Http\Request))
#55 /home/urlshort/laravel/vendor/laravel/framework/src/Illuminate/Pipeline/Pipeline.php(103): call_user_func(Object(Closure), Object(Illuminate\Http\Request))
#56 /home/urlshort/laravel/vendor/laravel/framework/src/Illuminate/Foundation/Http/Kernel.php(132): Illuminate\Pipeline\Pipeline->then(Object(Closure))
#57 /home/urlshort/laravel/vendor/laravel/framework/src/Illuminate/Foundation/Http/Kernel.php(99): Illuminate\Foundation\Http\Kernel->sendRequestThroughRouter(Object(Illuminate\Http\Request))
#58 /home/urlshort/laravel/public/index.php(54): Illuminate\Foundation\Http\Kernel->handle(Object(Illuminate\Http\Request))
#59 {main}  
